<?xml version="1.0" encoding="UTF-8"?>
<!-- Generated by org.testng.reporters.JUnitReportReporter -->
<testsuite skipped="0" hostname="DELL" name="Com.Wordpress.qa.Test.HomepageTest" tests="1" failures="0" timestamp="2019-10-19T09:59:25 IST" time="44.169" errors="0">
  <testcase name="SearchButtonDataTest" time="44.169" classname="Com.Wordpress.qa.Test.HomepageTest"/>
</testsuite> <!-- Com.Wordpress.qa.Test.HomepageTest -->
