<?xml version="1.0" encoding="UTF-8"?>
<!-- Generated by org.testng.reporters.JUnitReportReporter -->
<testsuite skipped="0" hostname="DELL" name="essssss" tests="1" failures="0" timestamp="2019-10-18T19:51:53 IST" time="14.840" errors="0">
  <testcase name="tc" time="14.840" classname="essssss"/>
</testsuite> <!-- essssss -->
