<?xml version="1.0" encoding="UTF-8"?>
<!-- Generated by org.testng.reporters.JUnitReportReporter -->
<testsuite skipped="0" hostname="DELL" name="Com.Wordpress.qa.Test.LoginpageTest" tests="2" failures="0" timestamp="2019-10-19T09:59:25 IST" time="31.816" errors="0">
  <testcase name="validateTestTitle" time="13.220" classname="Com.Wordpress.qa.Test.LoginpageTest"/>
  <testcase name="logintest" time="18.596" classname="Com.Wordpress.qa.Test.LoginpageTest"/>
</testsuite> <!-- Com.Wordpress.qa.Test.LoginpageTest -->
